2020年12月22日 16:10:00
更改原因：字段名错误
更改内容：ProductInfoT中的checkQuantoty改为checkQuantity。
sql版本更新为v2.1
==================
2020年12月22日 17:11:49
更改原因：字段类型逻辑上不对应
更改内容：ProductInfoT中的unitVolume，类型由VARCHAR (20)改为DOUBLE。
sql版本更新为v2.2.0
==================
2020年12月22日 20:48:00
更改原因：部分数据添加
更改内容：因3.6调拨单的需要，在运营账号表（OAT）、抬头表（BuyerT）、仓库信息表（WarehouseInfoT）、备货订单表（StockOrderT）、经销商信息表（AgencyInfoT）、调拨信息表（TransferInfoT）、产品信息表（ProductInfoT）添加了部分数据。
sql版本更新为v2.2.1
==================
2020年12月23日 10:37
更该原因：研究需求后增加字段、增加表
更该内容：
1. 在调拨信息表（TransferInfoT）中增加产品信息表（ProductInfoT）主键作为外键，为了调拨单列表可以查看完整信息；
2. 在产品信息表（ProductInfoT）中加入产品单价（price），为了可以计算总价；
3. 新增仓库库存表（WRepertoryT），新增字段包括库存编号（wrID）、仓库编号（wID）、产品编号（productID）、库存（repertory），为了在制定调拨单时可以判断仓库是否“库存不足”。
sql版本更新为v2.2.2
==================
2020年12月23日 11:45
更改原因：修改部分添加字段格式，增添修改数据
更改内容：调拨信息表（TransferInfoT）、产品信息表（ProductInfoT）、仓库库存表（WRepertoryT）
==================
2020年12月27日 16:46
更改原因：修改并拆分订单表、退货订单表，增加订单商品表、订单运输表，退货订单审核表、退货订单商品表，插入测试数据
更改内容：订单表（OrderInfoT）、退货订单表（ReturnOrderInfoT）
==================
2021年1月2日 13:52:22
更改原因：运营角色表添加测试数据
更改内容：ORT（运营角色表）
sql版本更新为v2.2.4
==================
2021年1月7日 03:35:04
更改原因：测试删除运营账号中，调拨信息表中存在外键依赖，导致无法删除账号
更改内容：修改插入的测试数据中的创建人，都修改为了lisi，这样其他的账号就可以正常删除了；插入了几条新的OAT测试数据
sql版本更新为v2.2.5
==================